<?xml version="1.0" encoding="UTF-8"?>
<testsuite xmlns:xsi="http://www.w3.org/2001/XMLSchema-instance" xsi:noNamespaceSchemaLocation="https://maven.apache.org/surefire/maven-surefire-plugin/xsd/surefire-test-report.xsd" version="3.0.2" name="com.cloudnest.gateway.GatewayApplicationTests" time="23.998" tests="6" errors="0" skipped="0" failures="0">
  <properties>
[...]
</properties>
  <testcase name="validateToken_withWrongSignature_returnsEmpty" classname="com.cloudnest.gateway.GatewayApplicationTests" time="0.732">
    <system-out><![CDATA[23:37:40.574 [main] INFO org.springframework.test.context.support.AnnotationConfigContextLoaderUtils -- Could not detect default configuration classes for test class [com.cloudnest.gateway.GatewayApplicationTests]: GatewayApplicationTests does not declare any static, non-private, non-final, nested classes annotated with @Configuration.
23:37:41.128 [main] INFO org.springframework.boot.test.context.SpringBootTestContextBootstrapper -- Found @SpringBootConfiguration com.cloudnest.gateway.GatewayApplication for test class com.cloudnest.gateway.GatewayApplicationTests

  .   ____          _            __ _ _
 /\\ / ___'_ __ _ _(_)_ __  __ _ \ \ \ \
( ( )\___ | '_ | '_| | '_ \/ _` | \ \ \ \
 \\/  ___)| |_)| | | | | || (_| |  ) ) ) )
  '  |____| .__|_| |_|_| |_\__, | / / / /
 =========|_|==============|___/=/_/_/_/

 :: Spring Boot ::                (v3.5.5)

2026-08-07T23:37:44.115+05:30  INFO 23772 --- [api-gateway] [           main] c.c.gateway.GatewayApplicationTests      : Starting GatewayApplicationTests using Java 25.0.2 with PID 23772 (started by DELL in D:\PROJECT1\cloudnest-personal-cloud\backend\api-gateway)
2026-08-07T23:37:44.119+05:30 DEBUG 23772 --- [api-gateway] [           main] c.c.gateway.GatewayApplicationTests      : Running with Spring Boot v3.5.5, Spring v6.2.10
2026-08-07T23:37:44.120+05:30  INFO 23772 --- [api-gateway] [           main] c.c.gateway.GatewayApplicationTests      : No active profile set, falling back to 1 default profile: "default"
2026-08-07T23:37:52.628+05:30  INFO 23772 --- [api-gateway] [           main] o.s.cloud.context.scope.GenericScope     : BeanFactory id=6aeaeaf7-dd8a-3e09-af16-3d26dc7791bb
2026-08-07T23:37:56.206+05:30 DEBUG 23772 --- [api-gateway] [           main] com.cloudnest.gateway.util.JwtUtil       : JWT secret decoded from Base64
2026-08-07T23:37:56.477+05:30  WARN 23772 --- [api-gateway] [           main] GatewayClassPathWarningAutoConfiguration : 

**********************************************************

The artifact spring-cloud-gateway-server is deprecated. It will be removed in the next major release. Please add spring-cloud-gateway-server-webflux dependency.

**********************************************************


2026-08-07T23:37:58.696+05:30  INFO 23772 --- [api-gateway] [           main] o.s.c.g.r.RouteDefinitionRouteLocator    : Loaded RoutePredicateFactory [After]
2026-08-07T23:37:58.697+05:30  INFO 23772 --- [api-gateway] [           main] o.s.c.g.r.RouteDefinitionRouteLocator    : Loaded RoutePredicateFactory [Before]
2026-08-07T23:37:58.697+05:30  INFO 23772 --- [api-gateway] [           main] o.s.c.g.r.RouteDefinitionRouteLocator    : Loaded RoutePredicateFactory [Between]
2026-08-07T23:37:58.697+05:30  INFO 23772 --- [api-gateway] [           main] o.s.c.g.r.RouteDefinitionRouteLocator    : Loaded RoutePredicateFactory [Cookie]
2026-08-07T23:37:58.698+05:30  INFO 23772 --- [api-gateway] [           main] o.s.c.g.r.RouteDefinitionRouteLocator    : Loaded RoutePredicateFactory [Header]
2026-08-07T23:37:58.698+05:30  INFO 23772 --- [api-gateway] [           main] o.s.c.g.r.RouteDefinitionRouteLocator    : Loaded RoutePredicateFactory [Host]
2026-08-07T23:37:58.698+05:30  INFO 23772 --- [api-gateway] [           main] o.s.c.g.r.RouteDefinitionRouteLocator    : Loaded RoutePredicateFactory [Method]
2026-08-07T23:37:58.698+05:30  INFO 23772 --- [api-gateway] [           main] o.s.c.g.r.RouteDefinitionRouteLocator    : Loaded RoutePredicateFactory [Path]
2026-08-07T23:37:58.699+05:30  INFO 23772 --- [api-gateway] [           main] o.s.c.g.r.RouteDefinitionRouteLocator    : Loaded RoutePredicateFactory [Query]
2026-08-07T23:37:58.701+05:30  INFO 23772 --- [api-gateway] [           main] o.s.c.g.r.RouteDefinitionRouteLocator    : Loaded RoutePredicateFactory [ReadBody]
2026-08-07T23:37:58.701+05:30  INFO 23772 --- [api-gateway] [           main] o.s.c.g.r.RouteDefinitionRouteLocator    : Loaded RoutePredicateFactory [RemoteAddr]
2026-08-07T23:37:58.705+05:30  INFO 23772 --- [api-gateway] [           main] o.s.c.g.r.RouteDefinitionRouteLocator    : Loaded RoutePredicateFactory [XForwardedRemoteAddr]
2026-08-07T23:37:58.709+05:30  INFO 23772 --- [api-gateway] [           main] o.s.c.g.r.RouteDefinitionRouteLocator    : Loaded RoutePredicateFactory [Weight]
2026-08-07T23:37:58.710+05:30  INFO 23772 --- [api-gateway] [           main] o.s.c.g.r.RouteDefinitionRouteLocator    : Loaded RoutePredicateFactory [CloudFoundryRouteService]
2026-08-07T23:38:00.214+05:30  INFO 23772 --- [api-gateway] [           main] o.s.b.a.e.web.EndpointLinksResolver      : Exposing 2 endpoints beneath base path '/actuator'
2026-08-07T23:38:01.989+05:30  INFO 23772 --- [api-gateway] [           main] DiscoveryClientOptionalArgsConfiguration : Eureka HTTP Client uses RestTemplate.
2026-08-07T23:38:02.083+05:30  WARN 23772 --- [api-gateway] [           main] s.w.s.StarterDeprecatedAutoConfiguration : 

**********************************************************

spring-cloud-starter-gateway is deprecated. It will be removed in the next major release. Please use spring-cloud-starter-gateway-server-webflux instead.

**********************************************************


2026-08-07T23:38:02.121+05:30  WARN 23772 --- [api-gateway] [           main] iguration$LoadBalancerCaffeineWarnLogger : Spring Cloud LoadBalancer is currently working with the default cache. While this cache implementation is useful for development and tests, it's recommended to use Caffeine cache in production.You can switch to using Caffeine cache, by adding it and org.springframework.cache.caffeine.CaffeineCacheManager to the classpath.
2026-08-07T23:38:02.479+05:30  INFO 23772 --- [api-gateway] [           main] c.c.gateway.GatewayApplicationTests      : Started GatewayApplicationTests in 19.835 seconds (process running for 30.721)
2026-08-07T23:38:02.506+05:30  WARN 23772 --- [api-gateway] [           main] o.s.b.c.p.m.PropertiesMigrationListener  : 
The use of configuration keys that have been renamed was found in the environment:

Property source 'Config resource 'class path resource [application.yml]' via location 'optional:classpath:/'':
	Key: spring.codec.max-in-memory-size
		Line: 34
		Replacement: spring.http.codecs.max-in-memory-size


Each configuration key has been temporarily mapped to its replacement for your convenience. To silence this warning, please update your configuration to use the new keys.

2026-08-07T23:38:02.587+05:30 DEBUG 23772 --- [api-gateway] [           main] com.cloudnest.gateway.util.JwtUtil       : JWT secret decoded from Base64
2026-08-07T23:38:03.252+05:30  WARN 23772 --- [api-gateway] [           main] com.cloudnest.gateway.util.JwtUtil       : JWT signature mismatch: JWT signature does not match locally computed signature. JWT validity cannot be asserted and should not be trusted.
]]></system-out>
  </testcase>
  <testcase name="validateToken_withMalformedToken_returnsEmpty" classname="com.cloudnest.gateway.GatewayApplicationTests" time="0.028">
    <system-out><![CDATA[2026-08-07T23:38:03.299+05:30 DEBUG 23772 --- [api-gateway] [           main] com.cloudnest.gateway.util.JwtUtil       : JWT secret decoded from Base64
2026-08-07T23:38:03.305+05:30  WARN 23772 --- [api-gateway] [           main] com.cloudnest.gateway.util.JwtUtil       : Malformed JWT: Malformed protected header JSON: Unable to deserialize: Unexpected character ('�' (code 65533 / 0xfffd)): expected a valid value (JSON String, Number, Array, Object or token 'null', 'true' or 'false')
 at [Source: REDACTED (`StreamReadFeature.INCLUDE_SOURCE_IN_LOCATION` disabled); line: 1, column: 1]
]]></system-out>
  </testcase>
  <testcase name="getUserId_and_getEmail" classname="com.cloudnest.gateway.GatewayApplicationTests" time="0.076">
    <system-out><![CDATA[2026-08-07T23:38:03.342+05:30 DEBUG 23772 --- [api-gateway] [           main] com.cloudnest.gateway.util.JwtUtil       : JWT secret decoded from Base64
]]></system-out>
  </testcase>
  <testcase name="validateToken_withExpiredToken_returnsEmpty" classname="com.cloudnest.gateway.GatewayApplicationTests" time="0.166">
    <system-out><![CDATA[2026-08-07T23:38:03.525+05:30 DEBUG 23772 --- [api-gateway] [           main] com.cloudnest.gateway.util.JwtUtil       : JWT secret decoded from Base64
2026-08-07T23:38:03.556+05:30  WARN 23772 --- [api-gateway] [           main] com.cloudnest.gateway.util.JwtUtil       : Expired JWT: JWT expired 549 milliseconds ago at 2026-08-07T18:08:03.000Z. Current time: 2026-08-07T18:08:03.549Z. Allowed clock skew: 0 milliseconds.
]]></system-out>
  </testcase>
  <testcase name="contextLoads" classname="com.cloudnest.gateway.GatewayApplicationTests" time="0.073">
    <system-out><![CDATA[2026-08-07T23:38:03.627+05:30 DEBUG 23772 --- [api-gateway] [           main] com.cloudnest.gateway.util.JwtUtil       : JWT secret decoded from Base64
]]></system-out>
  </testcase>
  <testcase name="validateToken_withValidToken_returnsClaims" classname="com.cloudnest.gateway.GatewayApplicationTests" time="0.034">
    <system-out><![CDATA[2026-08-07T23:38:03.687+05:30 DEBUG 23772 --- [api-gateway] [           main] com.cloudnest.gateway.util.JwtUtil       : JWT secret decoded from Base64
]]></system-out>
  </testcase>
</testsuite>