<?xml version="1.0" encoding="UTF-8"?>
<testsuite xmlns:xsi="http://www.w3.org/2001/XMLSchema-instance" xsi:noNamespaceSchemaLocation="https://maven.apache.org/surefire/maven-surefire-plugin/xsd/surefire-test-report.xsd" version="3.0.2" name="com.cloudnest.gateway.filter.AuthenticationFilterTest" time="6.406" tests="25" errors="0" skipped="0" failures="0">
  <properties>
[...]
</properties>
  <testcase name="protectedEndpoint_withInvalidToken_returnsUnauthorized" classname="com.cloudnest.gateway.filter.AuthenticationFilterTest" time="4.883">
    <system-out><![CDATA[23:37:37.859 [main] WARN com.cloudnest.gateway.filter.AuthenticationFilter -- Invalid or expired JWT for: /api/users/me
]]></system-out>
    <system-err><![CDATA[Mockito is currently self-attaching to enable the inline-mock-maker. This will no longer work in future releases of the JDK. Please add Mockito as an agent to your build as described in Mockito's documentation: https://javadoc.io/doc/org.mockito/mockito-core/latest/org.mockito/org/mockito/Mockito.html#0.3
WARNING: A Java agent has been loaded dynamically (C:\Users\DELL\.m2\repository\net\bytebuddy\byte-buddy-agent\1.17.7\byte-buddy-agent-1.17.7.jar)
WARNING: If a serviceability tool is in use, please run with -XX:+EnableDynamicAgentLoading to hide this warning
WARNING: If a serviceability tool is not in use, please run with -Djdk.instrument.traceUsage for more information
WARNING: Dynamic loading of agents will be disallowed by default in a future release
]]></system-err>
  </testcase>
  <testcase name="swaggerUiHtmlEndpoint_allowedWithoutToken" classname="com.cloudnest.gateway.filter.AuthenticationFilterTest" time="0.039"/>
  <testcase name="authPublicEndpoints_allowedWithoutToken(String)[1]" classname="com.cloudnest.gateway.filter.AuthenticationFilterTest" time="0.061"/>
  <testcase name="authPublicEndpoints_allowedWithoutToken(String)[2]" classname="com.cloudnest.gateway.filter.AuthenticationFilterTest" time="0.028"/>
  <testcase name="authPublicEndpoints_allowedWithoutToken(String)[3]" classname="com.cloudnest.gateway.filter.AuthenticationFilterTest" time="0.038"/>
  <testcase name="authPublicEndpoints_allowedWithoutToken(String)[4]" classname="com.cloudnest.gateway.filter.AuthenticationFilterTest" time="0.032"/>
  <testcase name="authPublicEndpoints_allowedWithoutToken(String)[5]" classname="com.cloudnest.gateway.filter.AuthenticationFilterTest" time="0.019"/>
  <testcase name="authPublicEndpoints_allowedWithoutToken(String)[6]" classname="com.cloudnest.gateway.filter.AuthenticationFilterTest" time="0.022"/>
  <testcase name="authPublicEndpoints_allowedWithoutToken(String)[7]" classname="com.cloudnest.gateway.filter.AuthenticationFilterTest" time="0.034"/>
  <testcase name="authPublicEndpoints_allowedWithoutToken(String)[8]" classname="com.cloudnest.gateway.filter.AuthenticationFilterTest" time="0.024"/>
  <testcase name="authPublicEndpoints_allowedWithoutToken(String)[9]" classname="com.cloudnest.gateway.filter.AuthenticationFilterTest" time="0.019"/>
  <testcase name="filterOrder_isCorrect" classname="com.cloudnest.gateway.filter.AuthenticationFilterTest" time="0.216"/>
  <testcase name="protectedEndpoint_withSpoofedIdentityHeaders_forwardsJwtDerivedValues" classname="com.cloudnest.gateway.filter.AuthenticationFilterTest" time="0.258"/>
  <testcase name="faviconEndpoint_allowedWithoutToken" classname="com.cloudnest.gateway.filter.AuthenticationFilterTest" time="0.022"/>
  <testcase name="apiDocsSubpath_allowedWithoutToken" classname="com.cloudnest.gateway.filter.AuthenticationFilterTest" time="0.034"/>
  <testcase name="webjarsEndpoint_allowedWithoutToken" classname="com.cloudnest.gateway.filter.AuthenticationFilterTest" time="0.02"/>
  <testcase name="swaggerUiEndpoint_allowedWithoutToken" classname="com.cloudnest.gateway.filter.AuthenticationFilterTest" time="0.018"/>
  <testcase name="protectedEndpoint_withEmptyBearer_returnsUnauthorized" classname="com.cloudnest.gateway.filter.AuthenticationFilterTest" time="0.022">
    <system-out><![CDATA[23:37:39.338 [main] WARN com.cloudnest.gateway.filter.AuthenticationFilter -- Invalid or expired JWT for: /api/users/me
]]></system-out>
  </testcase>
  <testcase name="protectedEndpoint_withValidToken_forwardsWithUserHeaders" classname="com.cloudnest.gateway.filter.AuthenticationFilterTest" time="0.082"/>
  <testcase name="actuatorEndpoints_allowedWithoutToken(String)[1]" classname="com.cloudnest.gateway.filter.AuthenticationFilterTest" time="0.051"/>
  <testcase name="actuatorEndpoints_allowedWithoutToken(String)[2]" classname="com.cloudnest.gateway.filter.AuthenticationFilterTest" time="0.017"/>
  <testcase name="actuatorEndpoints_allowedWithoutToken(String)[3]" classname="com.cloudnest.gateway.filter.AuthenticationFilterTest" time="0.017"/>
  <testcase name="apiDocsEndpoint_allowedWithoutToken" classname="com.cloudnest.gateway.filter.AuthenticationFilterTest" time="0.023"/>
  <testcase name="protectedEndpoint_withWrongAuthScheme_returnsUnauthorized" classname="com.cloudnest.gateway.filter.AuthenticationFilterTest" time="0.019">
    <system-out><![CDATA[23:37:39.589 [main] WARN com.cloudnest.gateway.filter.AuthenticationFilter -- Missing or invalid Authorization header for: /api/users/me
]]></system-out>
  </testcase>
  <testcase name="protectedEndpoint_withoutToken_returnsUnauthorized" classname="com.cloudnest.gateway.filter.AuthenticationFilterTest" time="0.033">
    <system-out><![CDATA[23:37:39.629 [main] WARN com.cloudnest.gateway.filter.AuthenticationFilter -- Missing or invalid Authorization header for: /api/users/me
]]></system-out>
  </testcase>
</testsuite>